<?xml version="1.0" encoding="UTF-8"?>
<!-- Generated by org.testng.reporters.JUnitXMLReporter -->
<testsuite ignored="10" hostname="Subhams-Laptop.local" failures="0" tests="1" name="Default test" time="0.032" errors="0" timestamp="2025-04-15T14:48:04 IST">
  <testcase classname="com.creatio.crm.framework.base.BasePage" name="@BeforeMethod setUpBrowser" time="-1.744708683975E9">
    <failure type="org.testng.TestNGException" message="
Parameter &amp;apos;browser&amp;apos; is required by BeforeMethod on method setUpBrowser but has not been marked @Optional or defined
in /private/var/folders/y5/vzb7lw21457cscnmxycgqm1c0000gn/T/testng-eclipse--538123475/testng-customsuite.xml">
      <![CDATA[org.testng.TestNGException: 
Parameter 'browser' is required by BeforeMethod on method setUpBrowser but has not been marked @Optional or defined
in /private/var/folders/y5/vzb7lw21457cscnmxycgqm1c0000gn/T/testng-eclipse--538123475/testng-customsuite.xml
at org.testng.internal.Parameters.createParams(Parameters.java:264)
at org.testng.internal.Parameters.createParametersForMethod(Parameters.java:352)
at org.testng.internal.Parameters.createParameters(Parameters.java:690)
at org.testng.internal.Parameters.createConfigurationParameters(Parameters.java:163)
at org.testng.internal.invokers.ConfigInvoker.invokeConfigurations(ConfigInvoker.java:313)
at org.testng.internal.invokers.TestInvoker.runConfigMethods(TestInvoker.java:836)
at org.testng.internal.invokers.TestInvoker.invokeMethod(TestInvoker.java:601)
at org.testng.internal.invokers.TestInvoker.invokeTestMethod(TestInvoker.java:230)
at org.testng.internal.invokers.MethodRunner.runInSequence(MethodRunner.java:63)
at org.testng.internal.invokers.TestInvoker$MethodInvocationAgent.invoke(TestInvoker.java:995)
at org.testng.internal.invokers.TestInvoker.invokeTestMethods(TestInvoker.java:203)
at org.testng.internal.invokers.TestMethodWorker.invokeTestMethods(TestMethodWorker.java:154)
at org.testng.internal.invokers.TestMethodWorker.run(TestMethodWorker.java:134)
at java.base/java.util.ArrayList.forEach(ArrayList.java:1597)
at org.testng.TestRunner.privateRun(TestRunner.java:741)
at org.testng.TestRunner.run(TestRunner.java:616)
at org.testng.SuiteRunner.runTest(SuiteRunner.java:421)
at org.testng.SuiteRunner.runSequentially(SuiteRunner.java:413)
at org.testng.SuiteRunner.privateRun(SuiteRunner.java:373)
at org.testng.SuiteRunner.run(SuiteRunner.java:312)
at org.testng.SuiteRunnerWorker.runSuite(SuiteRunnerWorker.java:52)
at org.testng.SuiteRunnerWorker.run(SuiteRunnerWorker.java:95)
at org.testng.TestNG.runSuitesSequentially(TestNG.java:1274)
at org.testng.TestNG.runSuitesLocally(TestNG.java:1208)
at org.testng.TestNG.runSuites(TestNG.java:1112)
at org.testng.TestNG.run(TestNG.java:1079)
at org.testng.remote.AbstractRemoteTestNG.run(AbstractRemoteTestNG.java:115)
at org.testng.remote.RemoteTestNG.initAndRun(RemoteTestNG.java:293)
at org.testng.remote.RemoteTestNG.main(RemoteTestNG.java:91)
]]>
    </failure>
  </testcase> <!-- @BeforeMethod setUpBrowser -->
  <testcase classname="com.creatio.crm.framework.base.BasePage" name="@AfterMethod tearDown" time="0.0">
    <failure type="java.lang.NullPointerException" message="Cannot invoke &amp;quot;org.openqa.selenium.WebDriver.quit()&amp;quot; because &amp;quot;com.creatio.crm.framework.base.BasePage.driver&amp;quot; is null">
      <![CDATA[java.lang.NullPointerException: Cannot invoke "org.openqa.selenium.WebDriver.quit()" because "com.creatio.crm.framework.base.BasePage.driver" is null
at com.creatio.crm.framework.base.BasePage.tearDown(BasePage.java:69)
at java.base/jdk.internal.reflect.DirectMethodHandleAccessor.invoke(DirectMethodHandleAccessor.java:103)
at java.base/java.lang.reflect.Method.invoke(Method.java:580)
at org.testng.internal.invokers.MethodInvocationHelper.invokeMethod(MethodInvocationHelper.java:141)
at org.testng.internal.invokers.MethodInvocationHelper.invokeMethodConsideringTimeout(MethodInvocationHelper.java:71)
at org.testng.internal.invokers.ConfigInvoker.invokeConfigurationMethod(ConfigInvoker.java:400)
at org.testng.internal.invokers.ConfigInvoker.invokeConfigurations(ConfigInvoker.java:333)
at org.testng.internal.invokers.TestInvoker.runConfigMethods(TestInvoker.java:836)
at org.testng.internal.invokers.TestInvoker.runAfterConfigurations(TestInvoker.java:805)
at org.testng.internal.invokers.TestInvoker.invokeMethod(TestInvoker.java:623)
at org.testng.internal.invokers.TestInvoker.invokeTestMethod(TestInvoker.java:230)
at org.testng.internal.invokers.MethodRunner.runInSequence(MethodRunner.java:63)
at org.testng.internal.invokers.TestInvoker$MethodInvocationAgent.invoke(TestInvoker.java:995)
at org.testng.internal.invokers.TestInvoker.invokeTestMethods(TestInvoker.java:203)
at org.testng.internal.invokers.TestMethodWorker.invokeTestMethods(TestMethodWorker.java:154)
at org.testng.internal.invokers.TestMethodWorker.run(TestMethodWorker.java:134)
at java.base/java.util.ArrayList.forEach(ArrayList.java:1597)
at org.testng.TestRunner.privateRun(TestRunner.java:741)
at org.testng.TestRunner.run(TestRunner.java:616)
at org.testng.SuiteRunner.runTest(SuiteRunner.java:421)
at org.testng.SuiteRunner.runSequentially(SuiteRunner.java:413)
at org.testng.SuiteRunner.privateRun(SuiteRunner.java:373)
at org.testng.SuiteRunner.run(SuiteRunner.java:312)
at org.testng.SuiteRunnerWorker.runSuite(SuiteRunnerWorker.java:52)
at org.testng.SuiteRunnerWorker.run(SuiteRunnerWorker.java:95)
at org.testng.TestNG.runSuitesSequentially(TestNG.java:1274)
at org.testng.TestNG.runSuitesLocally(TestNG.java:1208)
at org.testng.TestNG.runSuites(TestNG.java:1112)
at org.testng.TestNG.run(TestNG.java:1079)
at org.testng.remote.AbstractRemoteTestNG.run(AbstractRemoteTestNG.java:115)
at org.testng.remote.RemoteTestNG.initAndRun(RemoteTestNG.java:293)
at org.testng.remote.RemoteTestNG.main(RemoteTestNG.java:91)
]]>
    </failure>
  </testcase> <!-- @AfterMethod tearDown -->
  <testcase classname="com.creatio.crm.application.tests.ApplicationTest" name="verifyCookiesPopUp" time="0.0">
    <skipped/>
  </testcase> <!-- verifyCookiesPopUp -->
  <testcase classname="com.creatio.crm.application.tests.ApplicationTest" name="verifyCookiesPopUpContent" time="0.0">
    <ignored/>
  </testcase> <!-- verifyCookiesPopUpContent -->
  <testcase classname="com.creatio.crm.application.tests.ApplicationTest" name="verifyCookiesPopUpSwitchButtons" time="0.0">
    <ignored/>
  </testcase> <!-- verifyCookiesPopUpSwitchButtons -->
  <testcase classname="com.creatio.crm.application.tests.ApplicationTest" name="verifySignUpPage" time="0.0">
    <ignored/>
  </testcase> <!-- verifySignUpPage -->
  <testcase classname="com.creatio.crm.application.tests.ApplicationTest" name="verifyCookiesPopUpLogos" time="0.0">
    <ignored/>
  </testcase> <!-- verifyCookiesPopUpLogos -->
  <testcase classname="com.creatio.crm.application.tests.ApplicationTest" name="verifyApplicationLogin" time="0.0">
    <ignored/>
  </testcase> <!-- verifyApplicationLogin -->
  <testcase classname="com.creatio.crm.application.tests.ApplicationTest" name="verifyCookiesPopUpSelectionButtons" time="0.0">
    <ignored/>
  </testcase> <!-- verifyCookiesPopUpSelectionButtons -->
  <testcase classname="com.creatio.crm.application.tests.ApplicationTest" name="verifySignUpForNewUserAccount" time="0.0">
    <ignored/>
  </testcase> <!-- verifySignUpForNewUserAccount -->
  <testcase classname="com.creatio.crm.application.tests.ApplicationTest" name="verifyCookiesSelectionByDenyingCookies" time="0.0">
    <ignored/>
  </testcase> <!-- verifyCookiesSelectionByDenyingCookies -->
  <testcase classname="com.creatio.crm.application.tests.ApplicationTest" name="verifyCookiesPopUpExpandedView" time="0.0">
    <ignored/>
  </testcase> <!-- verifyCookiesPopUpExpandedView -->
  <testcase classname="com.creatio.crm.application.tests.ApplicationTest" name="verifyCookiesSelectionByAllowingCookies" time="0.0">
    <ignored/>
  </testcase> <!-- verifyCookiesSelectionByAllowingCookies -->
</testsuite> <!-- Default test -->
